/*C4*/SET SCHEMA PUBLIC
DISCONNECT
/*C5*/SET SCHEMA PUBLIC
DISCONNECT
/*C6*/SET SCHEMA PUBLIC
DISCONNECT
/*C7*/SET SCHEMA PUBLIC
DISCONNECT
/*C8*/SET SCHEMA PUBLIC
DISCONNECT
/*C9*/SET SCHEMA PUBLIC
INSERT INTO PARTICIPANTS VALUES(357,'Oleta Layton',21,'Tasmania','referee',0,0.0E0)
COMMIT
DISCONNECT
/*C10*/SET SCHEMA PUBLIC
INSERT INTO GAMES_OFFICIALS VALUES(32,15,357)
COMMIT
DISCONNECT
/*C11*/SET SCHEMA PUBLIC
DISCONNECT
/*C12*/SET SCHEMA PUBLIC
INSERT INTO GAMES_ATHLETES VALUES(142,296,15,0.0E0,0)
COMMIT
DISCONNECT
/*C13*/SET SCHEMA PUBLIC
DISCONNECT
/*C14*/SET SCHEMA PUBLIC
INSERT INTO GAMES_ATHLETES VALUES(143,312,15,0.0E0,0)
COMMIT
DISCONNECT
/*C15*/SET SCHEMA PUBLIC
DISCONNECT
/*C16*/SET SCHEMA PUBLIC
INSERT INTO GAMES_ATHLETES VALUES(144,310,15,0.0E0,0)
COMMIT
DISCONNECT
/*C17*/SET SCHEMA PUBLIC
DISCONNECT
/*C18*/SET SCHEMA PUBLIC
INSERT INTO GAMES_ATHLETES VALUES(145,305,15,0.0E0,0)
COMMIT
DISCONNECT
/*C19*/SET SCHEMA PUBLIC
DISCONNECT
/*C20*/SET SCHEMA PUBLIC
INSERT INTO GAMES_ATHLETES VALUES(146,347,15,0.0E0,0)
COMMIT
DISCONNECT
/*C21*/SET SCHEMA PUBLIC
DISCONNECT
/*C22*/SET SCHEMA PUBLIC
INSERT INTO GAMES_ATHLETES VALUES(147,348,15,0.0E0,0)
COMMIT
DISCONNECT
/*C23*/SET SCHEMA PUBLIC
DISCONNECT
/*C24*/SET SCHEMA PUBLIC
INSERT INTO GAMES_ATHLETES VALUES(148,299,15,0.0E0,0)
COMMIT
DISCONNECT
/*C25*/SET SCHEMA PUBLIC
DISCONNECT
/*C26*/SET SCHEMA PUBLIC
INSERT INTO GAMES_ATHLETES VALUES(149,308,15,0.0E0,0)
COMMIT
DISCONNECT
/*C27*/SET SCHEMA PUBLIC
DELETE FROM GAMES WHERE ID=15
INSERT INTO GAMES VALUES(15,'swimming','2017-05-25 04:32:37.593000')
COMMIT
DISCONNECT
/*C28*/SET SCHEMA PUBLIC
DELETE FROM GAMES_ATHLETES WHERE ID=149
INSERT INTO GAMES_ATHLETES VALUES(149,308,15,184.24E0,0)
COMMIT
DISCONNECT
/*C29*/SET SCHEMA PUBLIC
DELETE FROM PARTICIPANTS WHERE ID=308
INSERT INTO PARTICIPANTS VALUES(308,'Ike Bratton',35,'South Australia','superAthlete',3,0.0E0)
COMMIT
DISCONNECT
/*C30*/SET SCHEMA PUBLIC
DELETE FROM GAMES_ATHLETES WHERE ID=145
INSERT INTO GAMES_ATHLETES VALUES(145,305,15,127.56E0,5)
COMMIT
DISCONNECT
/*C31*/SET SCHEMA PUBLIC
DELETE FROM PARTICIPANTS WHERE ID=305
INSERT INTO PARTICIPANTS VALUES(305,'Christi Espinal',20,'New South Wales','swimmer',5,0.0E0)
COMMIT
DISCONNECT
/*C32*/SET SCHEMA PUBLIC
DELETE FROM GAMES_ATHLETES WHERE ID=144
INSERT INTO GAMES_ATHLETES VALUES(144,310,15,127.72E0,3)
COMMIT
DISCONNECT
/*C33*/SET SCHEMA PUBLIC
DELETE FROM PARTICIPANTS WHERE ID=310
INSERT INTO PARTICIPANTS VALUES(310,'Catrice Parrott',30,'New South Wales','superAthlete',3,0.0E0)
COMMIT
DISCONNECT
/*C34*/SET SCHEMA PUBLIC
DELETE FROM GAMES_ATHLETES WHERE ID=148
INSERT INTO GAMES_ATHLETES VALUES(148,299,15,147.13E0,0)
COMMIT
DISCONNECT
/*C35*/SET SCHEMA PUBLIC
DELETE FROM PARTICIPANTS WHERE ID=299
INSERT INTO PARTICIPANTS VALUES(299,'Holly Pittman',36,'Western Australia','swimmer',0,0.0E0)
COMMIT
DISCONNECT
/*C36*/SET SCHEMA PUBLIC
DELETE FROM GAMES_ATHLETES WHERE ID=146
INSERT INTO GAMES_ATHLETES VALUES(146,347,15,157.11E0,0)
COMMIT
DISCONNECT
/*C37*/SET SCHEMA PUBLIC
DELETE FROM PARTICIPANTS WHERE ID=347
INSERT INTO PARTICIPANTS VALUES(347,'Dalia Gerber',38,'Western Australia','swimmer',0,0.0E0)
COMMIT
DISCONNECT
/*C38*/SET SCHEMA PUBLIC
DELETE FROM GAMES_ATHLETES WHERE ID=143
INSERT INTO GAMES_ATHLETES VALUES(143,312,15,146.11E0,1)
COMMIT
DISCONNECT
/*C39*/SET SCHEMA PUBLIC
DELETE FROM PARTICIPANTS WHERE ID=312
INSERT INTO PARTICIPANTS VALUES(312,'Byron Snyder',51,'Tasmania','swimmer',6,0.0E0)
COMMIT
DISCONNECT
/*C40*/SET SCHEMA PUBLIC
DELETE FROM GAMES_ATHLETES WHERE ID=147
INSERT INTO GAMES_ATHLETES VALUES(147,348,15,167.0E0,0)
COMMIT
DISCONNECT
/*C41*/SET SCHEMA PUBLIC
DELETE FROM PARTICIPANTS WHERE ID=348
INSERT INTO PARTICIPANTS VALUES(348,'Hobert Aleman',34,'New South Wales','superAthlete',0,0.0E0)
COMMIT
DISCONNECT
/*C42*/SET SCHEMA PUBLIC
DELETE FROM GAMES_ATHLETES WHERE ID=142
INSERT INTO GAMES_ATHLETES VALUES(142,296,15,168.02E0,0)
COMMIT
DISCONNECT
/*C43*/SET SCHEMA PUBLIC
DELETE FROM PARTICIPANTS WHERE ID=296
INSERT INTO PARTICIPANTS VALUES(296,'Angie Kim',44,'Victoria','swimmer',1,0.0E0)
COMMIT
DISCONNECT
/*C44*/SET SCHEMA PUBLIC
INSERT INTO PARTICIPANTS VALUES(358,'Norman Morton',45,'Queensland','referee',0,0.0E0)
COMMIT
DISCONNECT
/*C45*/SET SCHEMA PUBLIC
INSERT INTO GAMES_OFFICIALS VALUES(33,51,358)
COMMIT
DISCONNECT
/*C46*/SET SCHEMA PUBLIC
DISCONNECT
/*C47*/SET SCHEMA PUBLIC
INSERT INTO GAMES_ATHLETES VALUES(150,310,51,0.0E0,0)
COMMIT
DISCONNECT
/*C48*/SET SCHEMA PUBLIC
DISCONNECT
/*C49*/SET SCHEMA PUBLIC
INSERT INTO GAMES_ATHLETES VALUES(151,308,51,0.0E0,0)
COMMIT
DISCONNECT
/*C50*/SET SCHEMA PUBLIC
DISCONNECT
/*C51*/SET SCHEMA PUBLIC
INSERT INTO GAMES_ATHLETES VALUES(152,347,51,0.0E0,0)
COMMIT
DISCONNECT
/*C52*/SET SCHEMA PUBLIC
DISCONNECT
/*C53*/SET SCHEMA PUBLIC
INSERT INTO GAMES_ATHLETES VALUES(153,348,51,0.0E0,0)
COMMIT
DISCONNECT
/*C54*/SET SCHEMA PUBLIC
DELETE FROM GAMES WHERE ID=51
INSERT INTO GAMES VALUES(51,'swimming','2017-05-25 04:33:29.544000')
COMMIT
DISCONNECT
/*C55*/SET SCHEMA PUBLIC
DELETE FROM GAMES_ATHLETES WHERE ID=150
INSERT INTO GAMES_ATHLETES VALUES(150,310,51,151.32E0,3)
COMMIT
DISCONNECT
/*C56*/SET SCHEMA PUBLIC
DELETE FROM PARTICIPANTS WHERE ID=310
INSERT INTO PARTICIPANTS VALUES(310,'Catrice Parrott',30,'New South Wales','superAthlete',6,0.0E0)
COMMIT
DISCONNECT
/*C57*/SET SCHEMA PUBLIC
DELETE FROM GAMES_ATHLETES WHERE ID=151
INSERT INTO GAMES_ATHLETES VALUES(151,308,51,154.3E0,1)
COMMIT
DISCONNECT
/*C58*/SET SCHEMA PUBLIC
DELETE FROM PARTICIPANTS WHERE ID=308
INSERT INTO PARTICIPANTS VALUES(308,'Ike Bratton',35,'South Australia','superAthlete',4,0.0E0)
COMMIT
DISCONNECT
/*C59*/SET SCHEMA PUBLIC
DELETE FROM GAMES_ATHLETES WHERE ID=153
INSERT INTO GAMES_ATHLETES VALUES(153,348,51,183.94E0,0)
COMMIT
DISCONNECT
/*C60*/SET SCHEMA PUBLIC
DELETE FROM PARTICIPANTS WHERE ID=348
INSERT INTO PARTICIPANTS VALUES(348,'Hobert Aleman',34,'New South Wales','superAthlete',0,0.0E0)
COMMIT
DISCONNECT
/*C61*/SET SCHEMA PUBLIC
DELETE FROM GAMES_ATHLETES WHERE ID=152
INSERT INTO GAMES_ATHLETES VALUES(152,347,51,100.3E0,5)
COMMIT
DISCONNECT
/*C62*/SET SCHEMA PUBLIC
DELETE FROM PARTICIPANTS WHERE ID=347
INSERT INTO PARTICIPANTS VALUES(347,'Dalia Gerber',38,'Western Australia','swimmer',5,0.0E0)
COMMIT
DISCONNECT
/*C63*/SET SCHEMA PUBLIC
DELETE FROM GAMES WHERE ID=33
INSERT INTO GAMES VALUES(33,'running','2017-05-25 04:33:53.463000')
COMMIT
DISCONNECT
/*C64*/SET SCHEMA PUBLIC
DELETE FROM GAMES_ATHLETES WHERE ID=17
INSERT INTO GAMES_ATHLETES VALUES(17,300,33,17.49E0,0)
COMMIT
DISCONNECT
/*C65*/SET SCHEMA PUBLIC
DELETE FROM PARTICIPANTS WHERE ID=300
INSERT INTO PARTICIPANTS VALUES(300,'Travis Anderson',25,'Northern Territory','sprinter',0,0.0E0)
COMMIT
DISCONNECT
/*C66*/SET SCHEMA PUBLIC
DELETE FROM GAMES_ATHLETES WHERE ID=18
INSERT INTO GAMES_ATHLETES VALUES(18,310,33,18.67E0,0)
COMMIT
DISCONNECT
/*C67*/SET SCHEMA PUBLIC
DELETE FROM PARTICIPANTS WHERE ID=310
INSERT INTO PARTICIPANTS VALUES(310,'Catrice Parrott',30,'New South Wales','superAthlete',6,0.0E0)
COMMIT
DISCONNECT
/*C68*/SET SCHEMA PUBLIC
DELETE FROM GAMES_ATHLETES WHERE ID=19
INSERT INTO GAMES_ATHLETES VALUES(19,313,33,16.87E0,0)
COMMIT
DISCONNECT
/*C69*/SET SCHEMA PUBLIC
DELETE FROM PARTICIPANTS WHERE ID=313
INSERT INTO PARTICIPANTS VALUES(313,'Maryln Cabrera',35,'Western Australia','sprinter',0,0.0E0)
COMMIT
DISCONNECT
/*C70*/SET SCHEMA PUBLIC
DELETE FROM GAMES_ATHLETES WHERE ID=21
INSERT INTO GAMES_ATHLETES VALUES(21,308,33,19.26E0,0)
COMMIT
DISCONNECT
/*C71*/SET SCHEMA PUBLIC
DELETE FROM PARTICIPANTS WHERE ID=308
INSERT INTO PARTICIPANTS VALUES(308,'Ike Bratton',35,'South Australia','superAthlete',4,0.0E0)
COMMIT
DISCONNECT
/*C72*/SET SCHEMA PUBLIC
DELETE FROM GAMES_ATHLETES WHERE ID=23
INSERT INTO GAMES_ATHLETES VALUES(23,348,33,10.81E0,5)
COMMIT
DISCONNECT
/*C73*/SET SCHEMA PUBLIC
DELETE FROM PARTICIPANTS WHERE ID=348
INSERT INTO PARTICIPANTS VALUES(348,'Hobert Aleman',34,'New South Wales','superAthlete',5,0.0E0)
COMMIT
DISCONNECT
/*C74*/SET SCHEMA PUBLIC
DELETE FROM GAMES_ATHLETES WHERE ID=20
INSERT INTO GAMES_ATHLETES VALUES(20,315,33,13.2E0,3)
COMMIT
DISCONNECT
/*C75*/SET SCHEMA PUBLIC
DELETE FROM PARTICIPANTS WHERE ID=315
INSERT INTO PARTICIPANTS VALUES(315,'Michaela Truong',38,'New South Wales','sprinter',3,0.0E0)
COMMIT
DISCONNECT
/*C76*/SET SCHEMA PUBLIC
DELETE FROM GAMES_ATHLETES WHERE ID=22
INSERT INTO GAMES_ATHLETES VALUES(22,306,33,18.37E0,0)
COMMIT
DISCONNECT
/*C77*/SET SCHEMA PUBLIC
DELETE FROM PARTICIPANTS WHERE ID=306
INSERT INTO PARTICIPANTS VALUES(306,'Mario Doyle',30,'Tasmania','superAthlete',0,0.0E0)
COMMIT
DISCONNECT
/*C78*/SET SCHEMA PUBLIC
DELETE FROM GAMES_ATHLETES WHERE ID=24
INSERT INTO GAMES_ATHLETES VALUES(24,298,33,16.84E0,1)
COMMIT
DISCONNECT
/*C79*/SET SCHEMA PUBLIC
DELETE FROM PARTICIPANTS WHERE ID=298
INSERT INTO PARTICIPANTS VALUES(298,'Kayleigh Rucker',44,'Western Australia','sprinter',1,0.0E0)
COMMIT
DISCONNECT
